[I 17:19:48.586 NotebookApp] Serving notebooks from local directory: /Users/spike/Downloads/ml/assignment2
[I 17:19:48.586 NotebookApp] 0 active kernels 
[I 17:19:48.586 NotebookApp] The IPython Notebook is running at: http://localhost:8888/
[I 17:19:48.586 NotebookApp] Use Control-C to stop this server and shut down all kernels (twice to skip confirmation).
[W 17:20:20.818 NotebookApp] Notebook FullyConnectedNets.ipynb is not trusted
[I 17:20:21.890 NotebookApp] Kernel started: dc112e82-1c75-431f-8d6d-e81069ebc257
[I 17:20:22.734 NotebookApp] Adapting to protocol v5.1 for kernel dc112e82-1c75-431f-8d6d-e81069ebc257
[I 17:26:21.854 NotebookApp] Saving file at /FullyConnectedNets.ipynb
[I 22:27:29.995 NotebookApp] Saving file at /FullyConnectedNets.ipynb
[I 22:28:01.491 NotebookApp] Kernel interrupted: dc112e82-1c75-431f-8d6d-e81069ebc257
[I 22:28:06.125 NotebookApp] Kernel interrupted: dc112e82-1c75-431f-8d6d-e81069ebc257
[I 22:29:29.972 NotebookApp] Saving file at /FullyConnectedNets.ipynb
[I 22:33:29.965 NotebookApp] Saving file at /FullyConnectedNets.ipynb
[I 22:41:29.940 NotebookApp] Saving file at /FullyConnectedNets.ipynb
[I 22:45:30.186 NotebookApp] Saving file at /FullyConnectedNets.ipynb
[I 22:59:29.892 NotebookApp] Saving file at /FullyConnectedNets.ipynb
[I 23:05:29.877 NotebookApp] Saving file at /FullyConnectedNets.ipynb
[I 23:27:29.815 NotebookApp] Saving file at /FullyConnectedNets.ipynb
[I 00:03:29.731 NotebookApp] Saving file at /FullyConnectedNets.ipynb
[I 00:05:29.726 NotebookApp] Saving file at /FullyConnectedNets.ipynb
[I 00:07:29.716 NotebookApp] Saving file at /FullyConnectedNets.ipynb
[I 00:09:29.972 NotebookApp] Saving file at /FullyConnectedNets.ipynb
[I 00:11:29.956 NotebookApp] Saving file at /FullyConnectedNets.ipynb
[I 00:13:29.699 NotebookApp] Saving file at /FullyConnectedNets.ipynb
[I 00:15:29.698 NotebookApp] Saving file at /FullyConnectedNets.ipynb
[W 00:18:42.664 NotebookApp] Notebook BatchNormalization.ipynb is not trusted
[I 00:18:43.281 NotebookApp] Kernel started: 237d38e8-1c68-4a1f-b060-0bc143e6924f
[I 00:18:44.318 NotebookApp] Adapting to protocol v5.1 for kernel 237d38e8-1c68-4a1f-b060-0bc143e6924f
[I 00:25:29.675 NotebookApp] Saving file at /FullyConnectedNets.ipynb
[I 00:27:29.669 NotebookApp] Saving file at /FullyConnectedNets.ipynb
[I 00:33:29.673 NotebookApp] Saving file at /FullyConnectedNets.ipynb
[I 00:35:29.647 NotebookApp] Saving file at /FullyConnectedNets.ipynb
[I 00:37:29.643 NotebookApp] Saving file at /FullyConnectedNets.ipynb
[I 00:39:29.821 NotebookApp] Saving file at /FullyConnectedNets.ipynb
[I 00:43:29.626 NotebookApp] Saving file at /FullyConnectedNets.ipynb
[I 01:45:29.469 NotebookApp] Saving file at /FullyConnectedNets.ipynb
[I 01:47:29.456 NotebookApp] Saving file at /FullyConnectedNets.ipynb
[I 01:49:29.448 NotebookApp] Saving file at /FullyConnectedNets.ipynb
[I 01:51:29.441 NotebookApp] Saving file at /FullyConnectedNets.ipynb
[I 01:53:30.097 NotebookApp] Saving file at /FullyConnectedNets.ipynb
[I 01:55:29.430 NotebookApp] Saving file at /FullyConnectedNets.ipynb
[I 01:57:29.440 NotebookApp] Saving file at /FullyConnectedNets.ipynb
[I 01:59:29.419 NotebookApp] Saving file at /FullyConnectedNets.ipynb
[I 02:01:29.419 NotebookApp] Saving file at /FullyConnectedNets.ipynb
[I 02:03:29.411 NotebookApp] Saving file at /FullyConnectedNets.ipynb
[I 02:05:29.404 NotebookApp] Saving file at /FullyConnectedNets.ipynb
[I 02:07:29.636 NotebookApp] Saving file at /FullyConnectedNets.ipynb
[I 02:09:29.639 NotebookApp] Saving file at /FullyConnectedNets.ipynb
[I 02:11:29.394 NotebookApp] Saving file at /FullyConnectedNets.ipynb
[I 02:11:43.821 NotebookApp] Kernel interrupted: dc112e82-1c75-431f-8d6d-e81069ebc257
[I 02:13:25.171 NotebookApp] Kernel interrupted: dc112e82-1c75-431f-8d6d-e81069ebc257
[I 02:13:29.386 NotebookApp] Saving file at /FullyConnectedNets.ipynb
[I 02:15:29.379 NotebookApp] Saving file at /FullyConnectedNets.ipynb
[W 10:30:01.396 NotebookApp] Notebook BatchNormalization.ipynb is not trusted
[I 10:30:02.040 NotebookApp] Adapting to protocol v5.1 for kernel 237d38e8-1c68-4a1f-b060-0bc143e6924f
[I 10:30:02.788 NotebookApp] Adapting to protocol v5.1 for kernel dc112e82-1c75-431f-8d6d-e81069ebc257
[I 17:14:30.561 NotebookApp] Adapting to protocol v5.1 for kernel dc112e82-1c75-431f-8d6d-e81069ebc257
[I 17:22:30.428 NotebookApp] Saving file at /FullyConnectedNets.ipynb
[I 17:24:30.796 NotebookApp] Saving file at /FullyConnectedNets.ipynb
[I 17:26:30.766 NotebookApp] Saving file at /FullyConnectedNets.ipynb
[I 17:46:30.708 NotebookApp] Saving file at /FullyConnectedNets.ipynb
[I 17:48:30.688 NotebookApp] Saving file at /FullyConnectedNets.ipynb
[I 17:58:30.677 NotebookApp] Saving file at /FullyConnectedNets.ipynb
[I 18:02:30.684 NotebookApp] Saving file at /FullyConnectedNets.ipynb
[I 18:04:30.660 NotebookApp] Saving file at /FullyConnectedNets.ipynb
[I 18:06:30.644 NotebookApp] Saving file at /FullyConnectedNets.ipynb
[I 18:20:30.596 NotebookApp] Saving file at /FullyConnectedNets.ipynb
[I 18:30:30.256 NotebookApp] Saving file at /FullyConnectedNets.ipynb
[I 18:32:30.576 NotebookApp] Saving file at /FullyConnectedNets.ipynb
[I 18:36:30.558 NotebookApp] Saving file at /FullyConnectedNets.ipynb
[I 18:38:30.228 NotebookApp] Saving file at /FullyConnectedNets.ipynb
[I 18:40:30.217 NotebookApp] Saving file at /FullyConnectedNets.ipynb
[I 18:42:30.213 NotebookApp] Saving file at /FullyConnectedNets.ipynb
[I 18:44:30.543 NotebookApp] Saving file at /FullyConnectedNets.ipynb
[I 18:46:30.535 NotebookApp] Saving file at /FullyConnectedNets.ipynb
[W 18:47:13.922 NotebookApp] Notebook BatchNormalization.ipynb is not trusted
[I 18:47:14.497 NotebookApp] Adapting to protocol v5.1 for kernel 237d38e8-1c68-4a1f-b060-0bc143e6924f
[C 00:36:43.360 NotebookApp] received signal 15, stopping
[I 00:36:43.380 NotebookApp] Shutting down kernels
[I 00:36:44.003 NotebookApp] Kernel shutdown: dc112e82-1c75-431f-8d6d-e81069ebc257
[I 00:36:44.006 NotebookApp] Kernel shutdown: 237d38e8-1c68-4a1f-b060-0bc143e6924f
[I 11:03:31.531 NotebookApp] Serving notebooks from local directory: /Users/spike/Downloads/ml/assignment2
[I 11:03:31.531 NotebookApp] 0 active kernels 
[I 11:03:31.532 NotebookApp] The IPython Notebook is running at: http://localhost:8888/
[I 11:03:31.532 NotebookApp] Use Control-C to stop this server and shut down all kernels (twice to skip confirmation).
[W 11:03:38.459 NotebookApp] Notebook BatchNormalization.ipynb is not trusted
[I 11:03:39.034 NotebookApp] Kernel started: abef90b9-9b28-49ac-8b3d-0d5d862ebc8a
[I 11:03:39.788 NotebookApp] Adapting to protocol v5.1 for kernel abef90b9-9b28-49ac-8b3d-0d5d862ebc8a
[I 12:01:39.667 NotebookApp] Saving file at /BatchNormalization.ipynb
[I 12:09:38.828 NotebookApp] Saving file at /BatchNormalization.ipynb
[I 12:11:39.636 NotebookApp] Saving file at /BatchNormalization.ipynb
[I 12:15:39.626 NotebookApp] Saving file at /BatchNormalization.ipynb
[I 12:17:39.618 NotebookApp] Saving file at /BatchNormalization.ipynb
[I 12:19:39.032 NotebookApp] Saving file at /BatchNormalization.ipynb
[W 12:21:10.752 NotebookApp] Notebook TensorFlow.ipynb is not trusted
[I 12:21:11.579 NotebookApp] Kernel started: 33ce1c70-275c-491f-a499-7baac8bbca64
[I 12:21:12.459 NotebookApp] Adapting to protocol v5.1 for kernel 33ce1c70-275c-491f-a499-7baac8bbca64
[I 16:57:52.608 NotebookApp] Adapting to protocol v5.1 for kernel abef90b9-9b28-49ac-8b3d-0d5d862ebc8a
[W 17:06:24.257 NotebookApp] Notebook Dropout.ipynb is not trusted
[I 17:06:24.636 NotebookApp] Kernel started: 4a3ec826-a30f-4f93-b6d4-80bd26d17839
[I 17:06:25.583 NotebookApp] Adapting to protocol v5.1 for kernel 4a3ec826-a30f-4f93-b6d4-80bd26d17839
[I 17:08:24.637 NotebookApp] Saving file at /Dropout.ipynb
[I 17:14:24.626 NotebookApp] Saving file at /Dropout.ipynb
[I 17:16:24.855 NotebookApp] Saving file at /Dropout.ipynb
[I 17:34:24.571 NotebookApp] Saving file at /Dropout.ipynb
[I 17:42:24.787 NotebookApp] Saving file at /Dropout.ipynb
[I 17:44:24.544 NotebookApp] Saving file at /Dropout.ipynb
[I 17:46:24.778 NotebookApp] Saving file at /Dropout.ipynb
[I 17:47:58.961 NotebookApp] Adapting to protocol v5.1 for kernel 4a3ec826-a30f-4f93-b6d4-80bd26d17839
[I 17:48:24.533 NotebookApp] Saving file at /Dropout.ipynb
[W 17:48:56.202 NotebookApp] Notebook ConvolutionalNetworks.ipynb is not trusted
[I 17:48:57.096 NotebookApp] Kernel started: 30edd045-7b19-47b9-a411-810c2679c7e4
[I 17:48:58.138 NotebookApp] Adapting to protocol v5.1 for kernel 30edd045-7b19-47b9-a411-810c2679c7e4
[I 17:50:57.770 NotebookApp] Saving file at /ConvolutionalNetworks.ipynb
[I 18:38:57.321 NotebookApp] Saving file at /ConvolutionalNetworks.ipynb
[I 18:48:57.600 NotebookApp] Saving file at /ConvolutionalNetworks.ipynb
[I 18:50:56.935 NotebookApp] Saving file at /ConvolutionalNetworks.ipynb
[I 18:53:02.552 NotebookApp] Saving file at /ConvolutionalNetworks.ipynb
[I 18:54:57.581 NotebookApp] Saving file at /ConvolutionalNetworks.ipynb
[I 20:23:39.452 NotebookApp] Adapting to protocol v5.1 for kernel 30edd045-7b19-47b9-a411-810c2679c7e4
[I 20:25:39.425 NotebookApp] Saving file at /ConvolutionalNetworks.ipynb
[I 20:27:39.417 NotebookApp] Saving file at /ConvolutionalNetworks.ipynb
[I 20:29:39.410 NotebookApp] Saving file at /ConvolutionalNetworks.ipynb
[I 20:31:39.565 NotebookApp] Saving file at /ConvolutionalNetworks.ipynb
[I 20:33:39.411 NotebookApp] Saving file at /ConvolutionalNetworks.ipynb
[I 20:35:39.397 NotebookApp] Saving file at /ConvolutionalNetworks.ipynb
[W 00:18:59.519 NotebookApp] Notebook Tobit_regression_TF_HW_week_5.ipynb is not trusted
[I 00:18:59.755 NotebookApp] Kernel started: 6dd07bb2-133f-41d1-9950-8cd8d0d742f1
[W 00:18:59.927 NotebookApp] 404 GET /static/components/MathJax/jax/element/mml/optable/BasicLatin.js?rev=2.5.3 (127.0.0.1) 22.69ms referer=http://localhost:8888/notebooks/Tobit_regression_TF_HW_week_5.ipynb
[I 00:19:00.707 NotebookApp] Adapting to protocol v5.1 for kernel 6dd07bb2-133f-41d1-9950-8cd8d0d742f1
[I 00:37:38.753 NotebookApp] Saving file at /ConvolutionalNetworks.ipynb
[I 00:39:38.746 NotebookApp] Saving file at /ConvolutionalNetworks.ipynb
[I 00:43:38.734 NotebookApp] Saving file at /ConvolutionalNetworks.ipynb
[I 00:45:38.730 NotebookApp] Saving file at /ConvolutionalNetworks.ipynb
[I 00:49:38.719 NotebookApp] Saving file at /ConvolutionalNetworks.ipynb
[I 00:59:38.694 NotebookApp] Saving file at /ConvolutionalNetworks.ipynb
[I 01:09:38.663 NotebookApp] Saving file at /ConvolutionalNetworks.ipynb
[I 01:11:38.818 NotebookApp] Saving file at /ConvolutionalNetworks.ipynb
[I 01:19:38.793 NotebookApp] Saving file at /ConvolutionalNetworks.ipynb
[I 01:21:38.640 NotebookApp] Saving file at /ConvolutionalNetworks.ipynb
[I 01:23:38.629 NotebookApp] Saving file at /ConvolutionalNetworks.ipynb
[I 01:25:38.630 NotebookApp] Saving file at /ConvolutionalNetworks.ipynb
[I 01:27:38.618 NotebookApp] Saving file at /ConvolutionalNetworks.ipynb
[I 01:29:38.615 NotebookApp] Saving file at /ConvolutionalNetworks.ipynb
[I 01:31:38.615 NotebookApp] Saving file at /ConvolutionalNetworks.ipynb
[I 01:39:14.044 NotebookApp] Adapting to protocol v5.1 for kernel abef90b9-9b28-49ac-8b3d-0d5d862ebc8a
[I 20:31:39.178 NotebookApp] Saving file at /BatchNormalization.ipynb
[I 20:36:19.671 NotebookApp] Saving file at /BatchNormalization.ipynb
[I 20:45:39.646 NotebookApp] Saving file at /BatchNormalization.ipynb
[I 20:54:59.170 NotebookApp] Saving file at /BatchNormalization.ipynb
[I 20:59:39.153 NotebookApp] Saving file at /BatchNormalization.ipynb
[I 21:04:19.593 NotebookApp] Saving file at /BatchNormalization.ipynb
[I 21:13:39.114 NotebookApp] Saving file at /BatchNormalization.ipynb
[I 21:18:19.118 NotebookApp] Saving file at /BatchNormalization.ipynb
[I 21:22:59.089 NotebookApp] Saving file at /BatchNormalization.ipynb
[I 21:36:59.060 NotebookApp] Saving file at /BatchNormalization.ipynb
[I 21:41:39.495 NotebookApp] Saving file at /BatchNormalization.ipynb
[I 21:46:19.485 NotebookApp] Saving file at /BatchNormalization.ipynb
[I 21:50:59.016 NotebookApp] Saving file at /BatchNormalization.ipynb
[I 21:55:39.010 NotebookApp] Saving file at /BatchNormalization.ipynb
[I 22:28:18.933 NotebookApp] Saving file at /BatchNormalization.ipynb
[I 23:28:58.768 NotebookApp] Saving file at /BatchNormalization.ipynb
[I 23:33:39.207 NotebookApp] Saving file at /BatchNormalization.ipynb
[I 23:38:19.204 NotebookApp] Saving file at /BatchNormalization.ipynb
[I 01:07:34.804 NotebookApp] Saving file at /ConvolutionalNetworks.ipynb
[I 01:09:34.808 NotebookApp] Saving file at /ConvolutionalNetworks.ipynb
[I 01:11:34.806 NotebookApp] Saving file at /ConvolutionalNetworks.ipynb
[I 01:13:34.788 NotebookApp] Saving file at /ConvolutionalNetworks.ipynb
[I 01:15:34.946 NotebookApp] Saving file at /ConvolutionalNetworks.ipynb
[I 01:17:34.936 NotebookApp] Saving file at /ConvolutionalNetworks.ipynb
[I 01:21:34.771 NotebookApp] Saving file at /ConvolutionalNetworks.ipynb
[I 01:23:34.766 NotebookApp] Saving file at /ConvolutionalNetworks.ipynb
[I 01:33:34.743 NotebookApp] Saving file at /ConvolutionalNetworks.ipynb
[I 01:37:34.735 NotebookApp] Saving file at /ConvolutionalNetworks.ipynb
[I 02:03:34.664 NotebookApp] Saving file at /ConvolutionalNetworks.ipynb
[I 02:09:34.842 NotebookApp] Saving file at /ConvolutionalNetworks.ipynb
[I 02:11:34.809 NotebookApp] Saving file at /ConvolutionalNetworks.ipynb
[C 02:14:36.457 NotebookApp] received signal 15, stopping
[I 02:14:36.479 NotebookApp] Shutting down kernels
[I 02:14:37.004 NotebookApp] Kernel shutdown: abef90b9-9b28-49ac-8b3d-0d5d862ebc8a
[I 02:14:37.013 NotebookApp] Kernel shutdown: 33ce1c70-275c-491f-a499-7baac8bbca64
[I 02:14:37.134 NotebookApp] Kernel shutdown: 4a3ec826-a30f-4f93-b6d4-80bd26d17839
[I 02:14:37.142 NotebookApp] Kernel shutdown: 30edd045-7b19-47b9-a411-810c2679c7e4
[I 02:14:37.143 NotebookApp] Kernel shutdown: 6dd07bb2-133f-41d1-9950-8cd8d0d742f1
[I 02:16:03.323 NotebookApp] Serving notebooks from local directory: /Users/spike/Downloads/ml/assignment2
[I 02:16:03.323 NotebookApp] 0 active kernels 
[I 02:16:03.323 NotebookApp] The IPython Notebook is running at: http://localhost:8888/
[I 02:16:03.323 NotebookApp] Use Control-C to stop this server and shut down all kernels (twice to skip confirmation).
[I 02:16:06.881 NotebookApp] Kernel started: 7428dd8a-1381-45d7-a6f7-8148b1496615
[I 02:16:07.724 NotebookApp] Adapting to protocol v5.1 for kernel 7428dd8a-1381-45d7-a6f7-8148b1496615
[C 02:16:20.723 NotebookApp] received signal 15, stopping
[I 02:16:20.725 NotebookApp] Shutting down kernels
[I 02:16:20.930 NotebookApp] Kernel shutdown: 7428dd8a-1381-45d7-a6f7-8148b1496615
